\BOOKMARK [1][-]{section.1}{Introduzione}{}% 1
\BOOKMARK [2][-]{subsection.1.1}{Scopo del documento}{section.1}% 2
\BOOKMARK [2][-]{subsection.1.2}{Descrizione Prodotto}{section.1}% 3
\BOOKMARK [2][-]{subsection.1.3}{Glossario}{section.1}% 4
\BOOKMARK [2][-]{subsection.1.4}{Riferimenti}{section.1}% 5
\BOOKMARK [3][-]{subsubsection.1.4.1}{Normativi}{subsection.1.4}% 6
\BOOKMARK [3][-]{subsubsection.1.4.2}{Informativi}{subsection.1.4}% 7
\BOOKMARK [1][-]{section.2}{Sistema di supporto qualit\340}{}% 8
\BOOKMARK [1][-]{section.3}{Qualit\340 di processo}{}% 9
\BOOKMARK [2][-]{subsection.3.1}{Obiettivi di qualit\340 di processo}{section.3}% 10
\BOOKMARK [2][-]{subsection.3.2}{Procedure di controllo delle qualit\340 di processo}{section.3}% 11
\BOOKMARK [1][-]{section.4}{Qualit\340 di prodotto}{}% 12
\BOOKMARK [2][-]{subsection.4.1}{Obiettivi per la documentazione}{section.4}% 13
\BOOKMARK [3][-]{subsubsection.4.1.1}{Evitare la diffusione di documentazione obsoleta.}{subsection.4.1}% 14
\BOOKMARK [3][-]{subsubsection.4.1.2}{Evitare la diffusione di documentazione non verificata e apporovata.}{subsection.4.1}% 15
\BOOKMARK [3][-]{subsubsection.4.1.3}{Usabilit\340 della documentazione}{subsection.4.1}% 16
\BOOKMARK [3][-]{subsubsection.4.1.4}{Testo grammaticalmente corretto:}{subsection.4.1}% 17
\BOOKMARK [3][-]{subsubsection.4.1.5}{Documenti graficamente chiari}{subsection.4.1}% 18
\BOOKMARK [2][-]{subsection.4.2}{Obiettivi per software}{section.4}% 19
\BOOKMARK [2][-]{subsection.4.3}{Procedure di controllo di qualit\340 di prodotto}{section.4}% 20
\BOOKMARK [1][-]{section.5}{Gestione della qualit\340 e delle risorse}{}% 21
\BOOKMARK [2][-]{subsection.5.1}{Ruoli}{section.5}% 22
\BOOKMARK [2][-]{subsection.5.2}{Risorse}{section.5}% 23
\BOOKMARK [1][-]{section.6}{Analisi della Qualit\340}{}% 24
\BOOKMARK [2][-]{subsection.6.1}{Misure e metriche}{section.6}% 25
\BOOKMARK [3][-]{subsubsection.6.1.1}{Metriche per i processi}{subsection.6.1}% 26
\BOOKMARK [4][-]{subsubsubsection.6.1.1.1}{Schedule Variance}{subsubsection.6.1.1}% 27
\BOOKMARK [4][-]{subsubsubsection.6.1.1.2}{Cost Variance}{subsubsection.6.1.1}% 28
\BOOKMARK [3][-]{subsubsection.6.1.2}{Metriche per i documenti}{subsection.6.1}% 29
\BOOKMARK [4][-]{subsubsubsection.6.1.2.1}{Gulpease}{subsubsection.6.1.2}% 30
\BOOKMARK [3][-]{subsubsection.6.1.3}{ Metriche per il software}{subsection.6.1}% 31
\BOOKMARK [4][-]{subsubsubsection.6.1.3.1}{Complessit\340 ciclomatica}{subsubsection.6.1.3}% 32
\BOOKMARK [4][-]{subsubsubsection.6.1.3.2}{Numero di parametri per metodo}{subsubsection.6.1.3}% 33
\BOOKMARK [4][-]{subsubsubsection.6.1.3.3}{Numero di campi dati per classe}{subsubsection.6.1.3}% 34
\BOOKMARK [4][-]{subsubsubsection.6.1.3.4}{Numero linee di codice per metodo}{subsubsection.6.1.3}% 35
\BOOKMARK [4][-]{subsubsubsection.6.1.3.5}{Numero di livelli di annidamento}{subsubsection.6.1.3}% 36
\BOOKMARK [4][-]{subsubsubsection.6.1.3.6}{Instabilit\340}{subsubsection.6.1.3}% 37
\BOOKMARK [4][-]{subsubsubsection.6.1.3.7}{Copertura del codice}{subsubsection.6.1.3}% 38
\BOOKMARK [1][-]{section.7}{Gestione amministrativa della revisione}{}% 39
\BOOKMARK [2][-]{subsection.7.1}{Comunicazione e risoluzione di anomalie}{section.7}% 40
\BOOKMARK [2][-]{subsection.7.2}{Pianificazione ed esecuzione del collaudo}{section.7}% 41
\BOOKMARK [1][-]{appendix.Alph1}{ Resoconto delle attivit\340 di verifica}{}% 42
\BOOKMARK [2][-]{subsection.Alph1.1}{Riassunto delle attivit\340 di verifica}{appendix.Alph1}% 43
\BOOKMARK [3][-]{subsubsection.Alph1.1.1}{Revisione dei Requisiti}{subsection.Alph1.1}% 44
\BOOKMARK [2][-]{subsection.Alph1.2}{Tracciamento componenti - requisiti}{appendix.Alph1}% 45
\BOOKMARK [2][-]{subsection.Alph1.3}{Dettaglio delle verifiche tramite analisi}{appendix.Alph1}% 46
\BOOKMARK [3][-]{subsubsection.Alph1.3.1}{Processi}{subsection.Alph1.3}% 47
\BOOKMARK [3][-]{subsubsection.Alph1.3.2}{Documenti}{subsection.Alph1.3}% 48
\BOOKMARK [2][-]{subsection.Alph1.4}{Dettaglio dell'esito delle revisioni}{appendix.Alph1}% 49
