\BOOKMARK [1][-]{section.1}{Introduzione}{}% 1
\BOOKMARK [2][-]{subsection.1.1}{Scopo}{section.1}% 2
\BOOKMARK [2][-]{subsection.1.2}{Descrizione}{section.1}% 3
\BOOKMARK [2][-]{subsection.1.3}{Glossario}{section.1}% 4
\BOOKMARK [2][-]{subsection.1.4}{Riferimenti}{section.1}% 5
\BOOKMARK [3][-]{subsubsection.1.4.1}{Informativi}{subsection.1.4}% 6
\BOOKMARK [1][-]{section.2}{Processi di Sviluppo}{}% 7
\BOOKMARK [2][-]{subsection.2.1}{Scopo}{section.2}% 8
\BOOKMARK [2][-]{subsection.2.2}{Descrizione}{section.2}% 9
\BOOKMARK [2][-]{subsection.2.3}{Analisi dei Requisiti}{section.2}% 10
\BOOKMARK [1][-]{section.3}{Processi di Supporto}{}% 11
\BOOKMARK [2][-]{subsection.3.1}{Scopo}{section.3}% 12
\BOOKMARK [2][-]{subsection.3.2}{Descrizione}{section.3}% 13
\BOOKMARK [2][-]{subsection.3.3}{Documentazione}{section.3}% 14
\BOOKMARK [2][-]{subsection.3.4}{Configurazione}{section.3}% 15
\BOOKMARK [2][-]{subsection.3.5}{Verifica}{section.3}% 16
\BOOKMARK [2][-]{subsection.3.6}{Validazione}{section.3}% 17
\BOOKMARK [2][-]{subsection.3.7}{Risoluzione dei Problemi}{section.3}% 18
\BOOKMARK [1][-]{section.4}{Processi di Organizzazione}{}% 19
\BOOKMARK [2][-]{subsection.4.1}{Scopo}{section.4}% 20
\BOOKMARK [2][-]{subsection.4.2}{Descrizione}{section.4}% 21
\BOOKMARK [2][-]{subsection.4.3}{Pianificazione}{section.4}% 22
\BOOKMARK [2][-]{subsection.4.4}{Esecuzione e controllo}{section.4}% 23
\BOOKMARK [2][-]{subsection.4.5}{Infrastruttura}{section.4}% 24
