\BOOKMARK [1][-]{section.1}{Introduzione}{}% 1
\BOOKMARK [2][-]{subsection.1.1}{Scopo}{section.1}% 2
\BOOKMARK [2][-]{subsection.1.2}{Descrizione}{section.1}% 3
\BOOKMARK [2][-]{subsection.1.3}{Glossario}{section.1}% 4
\BOOKMARK [1][-]{section.2}{Processi primari}{}% 5
\BOOKMARK [2][-]{subsection.2.1}{Processi del fornitore}{section.2}% 6
\BOOKMARK [3][-]{subsubsection.2.1.1}{Scopo}{subsection.2.1}% 7
\BOOKMARK [3][-]{subsubsection.2.1.2}{Descrizione}{subsection.2.1}% 8
\BOOKMARK [3][-]{subsubsection.2.1.3}{Studio di fattibilit\340}{subsection.2.1}% 9
\BOOKMARK [3][-]{subsubsection.2.1.4}{Piano di Qualifica}{subsection.2.1}% 10
\BOOKMARK [3][-]{subsubsection.2.1.5}{Piano di Progetto}{subsection.2.1}% 11
\BOOKMARK [4][-]{subsubsubsection.2.1.5.1}{Strumenti}{subsubsection.2.1.5}% 12
\BOOKMARK [2][-]{subsection.2.2}{Processi di sviluppo}{section.2}% 13
\BOOKMARK [3][-]{subsubsection.2.2.1}{Scopo}{subsection.2.2}% 14
\BOOKMARK [3][-]{subsubsection.2.2.2}{Descrizione}{subsection.2.2}% 15
\BOOKMARK [3][-]{subsubsection.2.2.3}{Analisi dei requisiti}{subsection.2.2}% 16
\BOOKMARK [4][-]{subsubsubsection.2.2.3.1}{Struttura di un caso d'uso}{subsubsection.2.2.3}% 17
\BOOKMARK [4][-]{subsubsubsection.2.2.3.2}{Struttura di un requisito}{subsubsection.2.2.3}% 18
\BOOKMARK [4][-]{subsubsubsection.2.2.3.3}{Struttura di una fonte}{subsubsection.2.2.3}% 19
\BOOKMARK [4][-]{subsubsubsection.2.2.3.4}{Struttura di un metodo di validazione}{subsubsection.2.2.3}% 20
\BOOKMARK [3][-]{subsubsection.2.2.4}{Progettazione}{subsection.2.2}% 21
\BOOKMARK [3][-]{subsubsection.2.2.5}{Validazione}{subsection.2.2}% 22
\BOOKMARK [3][-]{subsubsection.2.2.6}{Codifica}{subsection.2.2}% 23
\BOOKMARK [3][-]{subsubsection.2.2.7}{Strumenti}{subsection.2.2}% 24
\BOOKMARK [4][-]{subsubsubsection.2.2.7.1}{Tracciamento dei requisiti}{subsubsection.2.2.7}% 25
\BOOKMARK [4][-]{subsubsubsection.2.2.7.2}{UML}{subsubsection.2.2.7}% 26
\BOOKMARK [1][-]{section.3}{Processi di supporto}{}% 27
\BOOKMARK [2][-]{subsection.3.1}{Scopo}{section.3}% 28
\BOOKMARK [2][-]{subsection.3.2}{Descrizione}{section.3}% 29
\BOOKMARK [2][-]{subsection.3.3}{Documentazione}{section.3}% 30
\BOOKMARK [3][-]{subsubsection.3.3.1}{Ciclo di vita}{subsection.3.3}% 31
\BOOKMARK [3][-]{subsubsection.3.3.2}{Nome dei file}{subsection.3.3}% 32
\BOOKMARK [3][-]{subsubsection.3.3.3}{Versione}{subsection.3.3}% 33
\BOOKMARK [3][-]{subsubsection.3.3.4}{Stato}{subsection.3.3}% 34
\BOOKMARK [3][-]{subsubsection.3.3.5}{Uso}{subsection.3.3}% 35
\BOOKMARK [3][-]{subsubsection.3.3.6}{Struttura dei documenti}{subsection.3.3}% 36
\BOOKMARK [4][-]{subsubsubsection.3.3.6.1}{Prima pagina}{subsubsection.3.3.6}% 37
\BOOKMARK [4][-]{subsubsubsection.3.3.6.2}{Diario delle modifiche}{subsubsection.3.3.6}% 38
\BOOKMARK [4][-]{subsubsubsection.3.3.6.3}{Indice}{subsubsection.3.3.6}% 39
\BOOKMARK [4][-]{subsubsubsection.3.3.6.4}{Elenco tabelle e figure}{subsubsection.3.3.6}% 40
\BOOKMARK [4][-]{subsubsubsection.3.3.6.5}{Introduzione}{subsubsection.3.3.6}% 41
\BOOKMARK [4][-]{subsubsubsection.3.3.6.6}{Sezioni}{subsubsection.3.3.6}% 42
\BOOKMARK [4][-]{subsubsubsection.3.3.6.7}{Formattazione delle pagine}{subsubsection.3.3.6}% 43
\BOOKMARK [3][-]{subsubsection.3.3.7}{Norme tipografiche}{subsection.3.3}% 44
\BOOKMARK [4][-]{subsubsubsection.3.3.7.1}{Stile del testo}{subsubsection.3.3.7}% 45
\BOOKMARK [4][-]{subsubsubsection.3.3.7.2}{Composizione}{subsubsection.3.3.7}% 46
\BOOKMARK [4][-]{subsubsubsection.3.3.7.3}{Formati}{subsubsection.3.3.7}% 47
\BOOKMARK [4][-]{subsubsubsection.3.3.7.4}{Tabelle}{subsubsection.3.3.7}% 48
\BOOKMARK [4][-]{subsubsubsection.3.3.7.5}{Immagini e grafici}{subsubsection.3.3.7}% 49
\BOOKMARK [3][-]{subsubsection.3.3.8}{Glossario}{subsection.3.3}% 50
\BOOKMARK [3][-]{subsubsection.3.3.9}{Linguaggio}{subsection.3.3}% 51
\BOOKMARK [3][-]{subsubsection.3.3.10}{Strumenti}{subsection.3.3}% 52
\BOOKMARK [2][-]{subsection.3.4}{Configurazione}{section.3}% 53
\BOOKMARK [3][-]{subsubsection.3.4.1}{Versionamento}{subsection.3.4}% 54
\BOOKMARK [3][-]{subsubsection.3.4.2}{Repository}{subsection.3.4}% 55
\BOOKMARK [4][-]{subsubsubsection.3.4.2.1}{Struttura albero delle directory}{subsubsection.3.4.2}% 56
\BOOKMARK [3][-]{subsubsection.3.4.3}{Materiale informale}{subsection.3.4}% 57
\BOOKMARK [2][-]{subsection.3.5}{Verifica}{section.3}% 58
\BOOKMARK [3][-]{subsubsection.3.5.1}{Documentazione}{subsection.3.5}% 59
\BOOKMARK [3][-]{subsubsection.3.5.2}{Analisi statica}{subsection.3.5}% 60
\BOOKMARK [3][-]{subsubsection.3.5.3}{Analisi dinamica}{subsection.3.5}% 61
\BOOKMARK [3][-]{subsubsection.3.5.4}{Strumenti}{subsection.3.5}% 62
\BOOKMARK [2][-]{subsection.3.6}{Validazione}{section.3}% 63
\BOOKMARK [3][-]{subsubsection.3.6.1}{Documenti}{subsection.3.6}% 64
\BOOKMARK [3][-]{subsubsection.3.6.2}{Requisiti}{subsection.3.6}% 65
\BOOKMARK [2][-]{subsection.3.7}{Risoluzione dei problemi}{section.3}% 66
\BOOKMARK [3][-]{subsubsection.3.7.1}{Classificazione dei problemi}{subsection.3.7}% 67
\BOOKMARK [3][-]{subsubsection.3.7.2}{Gestione dei problemi}{subsection.3.7}% 68
\BOOKMARK [4][-]{subsubsubsection.3.7.2.1}{Ticket di segnalazione problema}{subsubsection.3.7.2}% 69
\BOOKMARK [4][-]{subsubsubsection.3.7.2.2}{Ticket di risoluzione problema}{subsubsection.3.7.2}% 70
\BOOKMARK [1][-]{section.4}{Processi di organizzazione}{}% 71
\BOOKMARK [2][-]{subsection.4.1}{Processi di amministrazione}{section.4}% 72
\BOOKMARK [3][-]{subsubsection.4.1.1}{Comunicazione}{subsection.4.1}% 73
\BOOKMARK [3][-]{subsubsection.4.1.2}{Riunioni}{subsection.4.1}% 74
\BOOKMARK [3][-]{subsubsection.4.1.3}{Ruoli}{subsection.4.1}% 75
\BOOKMARK [4][-]{subsubsubsection.4.1.3.1}{Responsabile}{subsubsection.4.1.3}% 76
\BOOKMARK [4][-]{subsubsubsection.4.1.3.2}{Amministratore}{subsubsection.4.1.3}% 77
\BOOKMARK [4][-]{subsubsubsection.4.1.3.3}{Analista}{subsubsection.4.1.3}% 78
\BOOKMARK [4][-]{subsubsubsection.4.1.3.4}{Progettista}{subsubsection.4.1.3}% 79
\BOOKMARK [4][-]{subsubsubsection.4.1.3.5}{Programmatore}{subsubsection.4.1.3}% 80
\BOOKMARK [4][-]{subsubsubsection.4.1.3.6}{Verificatore}{subsubsection.4.1.3}% 81
\BOOKMARK [4][-]{subsubsubsection.4.1.3.7}{Procedure per la rotazione dei ruoli}{subsubsection.4.1.3}% 82
\BOOKMARK [3][-]{subsubsection.4.1.4}{Pianificazione}{subsection.4.1}% 83
\BOOKMARK [4][-]{subsubsubsection.4.1.4.1}{projectlibreG}{subsubsection.4.1.4}% 84
\BOOKMARK [4][-]{subsubsubsection.4.1.4.2}{Teamwork}{subsubsection.4.1.4}% 85
\BOOKMARK [3][-]{subsubsection.4.1.5}{Ticketing}{subsection.4.1}% 86
\BOOKMARK [4][-]{subsubsubsection.4.1.5.1}{Struttura Ticket}{subsubsection.4.1.5}% 87
\BOOKMARK [4][-]{subsubsubsection.4.1.5.2}{Etichette}{subsubsection.4.1.5}% 88
\BOOKMARK [4][-]{subsubsubsection.4.1.5.3}{Ticket di Task}{subsubsection.4.1.5}% 89
\BOOKMARK [4][-]{subsubsubsection.4.1.5.4}{Ticket di Riunione}{subsubsection.4.1.5}% 90
\BOOKMARK [1][-]{appendix.Alph1}{Lista di controllo}{}% 91
