This is pdfTeX, Version 3.14159265-2.6-1.40.16 (TeX Live 2015) (preloaded format=pdflatex 2015.12.20)  21 DEC 2015 10:43
entering extended mode
 restricted \write18 enabled.
 %&-line parsing enabled.
**NormeDiProgetto_v1.0.3.tex
(./NormeDiProgetto_v1.0.3.tex
LaTeX2e <2015/01/01>
Babel <3.9l> and hyphenation patterns for 79 languages loaded.
(/usr/local/texlive/2015/texmf-dist/tex/latex/base/article.cls
Document Class: article 2014/09/29 v1.4h Standard LaTeX document class
(/usr/local/texlive/2015/texmf-dist/tex/latex/base/size12.clo
File: size12.clo 2014/09/29 v1.4h Standard LaTeX file (size option)
)
\c@part=\count79
\c@section=\count80
\c@subsection=\count81
\c@subsubsection=\count82
\c@paragraph=\count83
\c@subparagraph=\count84
\c@figure=\count85
\c@table=\count86
\abovecaptionskip=\skip41
\belowcaptionskip=\skip42
\bibindent=\dimen102
)
(../../../template/stile.sty
(/usr/local/texlive/2015/texmf-dist/tex/latex/base/inputenc.sty
Package: inputenc 2015/03/17 v1.2c Input encoding file
\inpenc@prehook=\toks14
\inpenc@posthook=\toks15

(/usr/local/texlive/2015/texmf-dist/tex/latex/base/utf8.def
File: utf8.def 2014/09/29 v1.1m UTF-8 support for inputenc
Now handling font encoding OML ...
... no UTF-8 mapping file for font encoding OML
Now handling font encoding T1 ...
... processing UTF-8 mapping file for font encoding T1

(/usr/local/texlive/2015/texmf-dist/tex/latex/base/t1enc.dfu
File: t1enc.dfu 2014/09/29 v1.1m UTF-8 support for inputenc
   defining Unicode char U+00A1 (decimal 161)
   defining Unicode char U+00A3 (decimal 163)
   defining Unicode char U+00AB (decimal 171)
   defining Unicode char U+00BB (decimal 187)
   defining Unicode char U+00BF (decimal 191)
   defining Unicode char U+00C0 (decimal 192)
   defining Unicode char U+00C1 (decimal 193)
   defining Unicode char U+00C2 (decimal 194)
   defining Unicode char U+00C3 (decimal 195)
   defining Unicode char U+00C4 (decimal 196)
   defining Unicode char U+00C5 (decimal 197)
   defining Unicode char U+00C6 (decimal 198)
   defining Unicode char U+00C7 (decimal 199)
   defining Unicode char U+00C8 (decimal 200)
   defining Unicode char U+00C9 (decimal 201)
   defining Unicode char U+00CA (decimal 202)
   defining Unicode char U+00CB (decimal 203)
   defining Unicode char U+00CC (decimal 204)
   defining Unicode char U+00CD (decimal 205)
   defining Unicode char U+00CE (decimal 206)
   defining Unicode char U+00CF (decimal 207)
   defining Unicode char U+00D0 (decimal 208)
   defining Unicode char U+00D1 (decimal 209)
   defining Unicode char U+00D2 (decimal 210)
   defining Unicode char U+00D3 (decimal 211)
   defining Unicode char U+00D4 (decimal 212)
   defining Unicode char U+00D5 (decimal 213)
   defining Unicode char U+00D6 (decimal 214)
   defining Unicode char U+00D8 (decimal 216)
   defining Unicode char U+00D9 (decimal 217)
   defining Unicode char U+00DA (decimal 218)
   defining Unicode char U+00DB (decimal 219)
   defining Unicode char U+00DC (decimal 220)
   defining Unicode char U+00DD (decimal 221)
   defining Unicode char U+00DE (decimal 222)
   defining Unicode char U+00DF (decimal 223)
   defining Unicode char U+00E0 (decimal 224)
   defining Unicode char U+00E1 (decimal 225)
   defining Unicode char U+00E2 (decimal 226)
   defining Unicode char U+00E3 (decimal 227)
   defining Unicode char U+00E4 (decimal 228)
   defining Unicode char U+00E5 (decimal 229)
   defining Unicode char U+00E6 (decimal 230)
   defining Unicode char U+00E7 (decimal 231)
   defining Unicode char U+00E8 (decimal 232)
   defining Unicode char U+00E9 (decimal 233)
   defining Unicode char U+00EA (decimal 234)
   defining Unicode char U+00EB (decimal 235)
   defining Unicode char U+00EC (decimal 236)
   defining Unicode char U+00ED (decimal 237)
   defining Unicode char U+00EE (decimal 238)
   defining Unicode char U+00EF (decimal 239)
   defining Unicode char U+00F0 (decimal 240)
   defining Unicode char U+00F1 (decimal 241)
   defining Unicode char U+00F2 (decimal 242)
   defining Unicode char U+00F3 (decimal 243)
   defining Unicode char U+00F4 (decimal 244)
   defining Unicode char U+00F5 (decimal 245)
   defining Unicode char U+00F6 (decimal 246)
   defining Unicode char U+00F8 (decimal 248)
   defining Unicode char U+00F9 (decimal 249)
   defining Unicode char U+00FA (decimal 250)
   defining Unicode char U+00FB (decimal 251)
   defining Unicode char U+00FC (decimal 252)
   defining Unicode char U+00FD (decimal 253)
   defining Unicode char U+00FE (decimal 254)
   defining Unicode char U+00FF (decimal 255)
   defining Unicode char U+0102 (decimal 258)
   defining Unicode char U+0103 (decimal 259)
   defining Unicode char U+0104 (decimal 260)
   defining Unicode char U+0105 (decimal 261)
   defining Unicode char U+0106 (decimal 262)
   defining Unicode char U+0107 (decimal 263)
   defining Unicode char U+010C (decimal 268)
   defining Unicode char U+010D (decimal 269)
   defining Unicode char U+010E (decimal 270)
   defining Unicode char U+010F (decimal 271)
   defining Unicode char U+0110 (decimal 272)
   defining Unicode char U+0111 (decimal 273)
   defining Unicode char U+0118 (decimal 280)
   defining Unicode char U+0119 (decimal 281)
   defining Unicode char U+011A (decimal 282)
   defining Unicode char U+011B (decimal 283)
   defining Unicode char U+011E (decimal 286)
   defining Unicode char U+011F (decimal 287)
   defining Unicode char U+0130 (decimal 304)
   defining Unicode char U+0131 (decimal 305)
   defining Unicode char U+0132 (decimal 306)
   defining Unicode char U+0133 (decimal 307)
   defining Unicode char U+0139 (decimal 313)
   defining Unicode char U+013A (decimal 314)
   defining Unicode char U+013D (decimal 317)
   defining Unicode char U+013E (decimal 318)
   defining Unicode char U+0141 (decimal 321)
   defining Unicode char U+0142 (decimal 322)
   defining Unicode char U+0143 (decimal 323)
   defining Unicode char U+0144 (decimal 324)
   defining Unicode char U+0147 (decimal 327)
   defining Unicode char U+0148 (decimal 328)
   defining Unicode char U+014A (decimal 330)
   defining Unicode char U+014B (decimal 331)
   defining Unicode char U+0150 (decimal 336)
   defining Unicode char U+0151 (decimal 337)
   defining Unicode char U+0152 (decimal 338)
   defining Unicode char U+0153 (decimal 339)
   defining Unicode char U+0154 (decimal 340)
   defining Unicode char U+0155 (decimal 341)
   defining Unicode char U+0158 (decimal 344)
   defining Unicode char U+0159 (decimal 345)
   defining Unicode char U+015A (decimal 346)
   defining Unicode char U+015B (decimal 347)
   defining Unicode char U+015E (decimal 350)
   defining Unicode char U+015F (decimal 351)
   defining Unicode char U+0160 (decimal 352)
   defining Unicode char U+0161 (decimal 353)
   defining Unicode char U+0162 (decimal 354)
   defining Unicode char U+0163 (decimal 355)
   defining Unicode char U+0164 (decimal 356)
   defining Unicode char U+0165 (decimal 357)
   defining Unicode char U+016E (decimal 366)
   defining Unicode char U+016F (decimal 367)
   defining Unicode char U+0170 (decimal 368)
   defining Unicode char U+0171 (decimal 369)
   defining Unicode char U+0178 (decimal 376)
   defining Unicode char U+0179 (decimal 377)
   defining Unicode char U+017A (decimal 378)
   defining Unicode char U+017B (decimal 379)
   defining Unicode char U+017C (decimal 380)
   defining Unicode char U+017D (decimal 381)
   defining Unicode char U+017E (decimal 382)
   defining Unicode char U+200C (decimal 8204)
   defining Unicode char U+2013 (decimal 8211)
   defining Unicode char U+2014 (decimal 8212)
   defining Unicode char U+2018 (decimal 8216)
   defining Unicode char U+2019 (decimal 8217)
   defining Unicode char U+201A (decimal 8218)
   defining Unicode char U+201C (decimal 8220)
   defining Unicode char U+201D (decimal 8221)
   defining Unicode char U+201E (decimal 8222)
   defining Unicode char U+2030 (decimal 8240)
   defining Unicode char U+2031 (decimal 8241)
   defining Unicode char U+2039 (decimal 8249)
   defining Unicode char U+203A (decimal 8250)
   defining Unicode char U+2423 (decimal 9251)
)
Now handling font encoding OT1 ...
... processing UTF-8 mapping file for font encoding OT1

(/usr/local/texlive/2015/texmf-dist/tex/latex/base/ot1enc.dfu
File: ot1enc.dfu 2014/09/29 v1.1m UTF-8 support for inputenc
   defining Unicode char U+00A1 (decimal 161)
   defining Unicode char U+00A3 (decimal 163)
   defining Unicode char U+00B8 (decimal 184)
   defining Unicode char U+00BF (decimal 191)
   defining Unicode char U+00C5 (decimal 197)
   defining Unicode char U+00C6 (decimal 198)
   defining Unicode char U+00D8 (decimal 216)
   defining Unicode char U+00DF (decimal 223)
   defining Unicode char U+00E6 (decimal 230)
   defining Unicode char U+00EC (decimal 236)
   defining Unicode char U+00ED (decimal 237)
   defining Unicode char U+00EE (decimal 238)
   defining Unicode char U+00EF (decimal 239)
   defining Unicode char U+00F8 (decimal 248)
   defining Unicode char U+0131 (decimal 305)
   defining Unicode char U+0141 (decimal 321)
   defining Unicode char U+0142 (decimal 322)
   defining Unicode char U+0152 (decimal 338)
   defining Unicode char U+0153 (decimal 339)
   defining Unicode char U+2013 (decimal 8211)
   defining Unicode char U+2014 (decimal 8212)
   defining Unicode char U+2018 (decimal 8216)
   defining Unicode char U+2019 (decimal 8217)
   defining Unicode char U+201C (decimal 8220)
   defining Unicode char U+201D (decimal 8221)
)
Now handling font encoding OMS ...
... processing UTF-8 mapping file for font encoding OMS

(/usr/local/texlive/2015/texmf-dist/tex/latex/base/omsenc.dfu
File: omsenc.dfu 2014/09/29 v1.1m UTF-8 support for inputenc
   defining Unicode char U+00A7 (decimal 167)
   defining Unicode char U+00B6 (decimal 182)
   defining Unicode char U+00B7 (decimal 183)
   defining Unicode char U+2020 (decimal 8224)
   defining Unicode char U+2021 (decimal 8225)
   defining Unicode char U+2022 (decimal 8226)
)
Now handling font encoding OMX ...
... no UTF-8 mapping file for font encoding OMX
Now handling font encoding U ...
... no UTF-8 mapping file for font encoding U
   defining Unicode char U+00A9 (decimal 169)
   defining Unicode char U+00AA (decimal 170)
   defining Unicode char U+00AE (decimal 174)
   defining Unicode char U+00BA (decimal 186)
   defining Unicode char U+02C6 (decimal 710)
   defining Unicode char U+02DC (decimal 732)
   defining Unicode char U+200C (decimal 8204)
   defining Unicode char U+2026 (decimal 8230)
   defining Unicode char U+2122 (decimal 8482)
   defining Unicode char U+2423 (decimal 9251)
))
(/usr/local/texlive/2015/texmf-dist/tex/generic/babel/babel.sty
Package: babel 2014/09/25 3.9l The Babel package

(/usr/local/texlive/2015/texmf-dist/tex/generic/babel-italian/italian.ldf
Language: italian 2015/03/26 v1.3n Italian support from the babel system

(/usr/local/texlive/2015/texmf-dist/tex/generic/babel/babel.def
File: babel.def 2014/09/25 3.9l Babel common definitions
\babel@savecnt=\count87
\U@D=\dimen103
)
\it@lettering=\count88
\it@doublequoteactive=\count89
\it@ISOcompliance=\count90
))
(/usr/local/texlive/2015/texmf-dist/tex/latex/etoolbox/etoolbox.sty
Package: etoolbox 2015/05/04 v2.2 e-TeX tools for LaTeX (JAW)
\etb@tempcnta=\count91
)
(/usr/local/texlive/2015/texmf-dist/tex/latex/csquotes/csquotes.sty
Package: csquotes 2015/04/15 v5.1e context-sensitive quotations (JAW)

(/usr/local/texlive/2015/texmf-dist/tex/latex/graphics/keyval.sty
Package: keyval 2014/10/28 v1.15 key=value parser (DPC)
\KV@toks@=\toks16
)
\csq@reset=\count92
\csq@gtype=\count93
\csq@glevel=\count94
\csq@qlevel=\count95
\csq@maxlvl=\count96
\csq@tshold=\count97
\csq@ltx@everypar=\toks17

(/usr/local/texlive/2015/texmf-dist/tex/latex/csquotes/csquotes.def
File: csquotes.def 2015/04/15 v5.1e csquotes generic definitions (JAW)
)
Package csquotes Info: Trying to load configuration file 'csquotes.cfg'...
Package csquotes Info: ... configuration file loaded successfully.

(/usr/local/texlive/2015/texmf-dist/tex/latex/csquotes/csquotes.cfg
File: csquotes.cfg 
)
Package csquotes Info: Option 'babel' depreciated.
(csquotes)             Using 'autostyle'.
Package csquotes Info: Enabling multilingual quotes.
)
(/usr/local/texlive/2015/texmf-dist/tex/latex/url/url.sty
\Urlmuskip=\muskip10
Package: url 2013/09/16  ver 3.4  Verb mode for urls, etc.
)
(/usr/local/texlive/2015/texmf-dist/tex/latex/graphics/graphicx.sty
Package: graphicx 2014/10/28 v1.0g Enhanced LaTeX Graphics (DPC,SPQR)

(/usr/local/texlive/2015/texmf-dist/tex/latex/graphics/graphics.sty
Package: graphics 2014/10/28 v1.0p Standard LaTeX Graphics (DPC,SPQR)

(/usr/local/texlive/2015/texmf-dist/tex/latex/graphics/trig.sty
Package: trig 1999/03/16 v1.09 sin cos tan (DPC)
)
(/usr/local/texlive/2015/texmf-dist/tex/latex/latexconfig/graphics.cfg
File: graphics.cfg 2010/04/23 v1.9 graphics configuration of TeX Live
)
Package graphics Info: Driver file: pdftex.def on input line 94.

(/usr/local/texlive/2015/texmf-dist/tex/latex/pdftex-def/pdftex.def
File: pdftex.def 2011/05/27 v0.06d Graphics/color for pdfTeX

(/usr/local/texlive/2015/texmf-dist/tex/generic/oberdiek/infwarerr.sty
Package: infwarerr 2010/04/08 v1.3 Providing info/warning/error messages (HO)
)
(/usr/local/texlive/2015/texmf-dist/tex/generic/oberdiek/ltxcmds.sty
Package: ltxcmds 2011/11/09 v1.22 LaTeX kernel commands for general use (HO)
)
\Gread@gobject=\count98
))
\Gin@req@height=\dimen104
\Gin@req@width=\dimen105
)
(/usr/local/texlive/2015/texmf-dist/tex/latex/hyperref/hyperref.sty
Package: hyperref 2012/11/06 v6.83m Hypertext links for LaTeX

(/usr/local/texlive/2015/texmf-dist/tex/generic/oberdiek/hobsub-hyperref.sty
Package: hobsub-hyperref 2012/05/28 v1.13 Bundle oberdiek, subset hyperref (HO)


(/usr/local/texlive/2015/texmf-dist/tex/generic/oberdiek/hobsub-generic.sty
Package: hobsub-generic 2012/05/28 v1.13 Bundle oberdiek, subset generic (HO)
Package: hobsub 2012/05/28 v1.13 Construct package bundles (HO)
Package hobsub Info: Skipping package `infwarerr' (already loaded).
Package hobsub Info: Skipping package `ltxcmds' (already loaded).
Package: ifluatex 2010/03/01 v1.3 Provides the ifluatex switch (HO)
Package ifluatex Info: LuaTeX not detected.
Package: ifvtex 2010/03/01 v1.5 Detect VTeX and its facilities (HO)
Package ifvtex Info: VTeX not detected.
Package: intcalc 2007/09/27 v1.1 Expandable calculations with integers (HO)
Package: ifpdf 2011/01/30 v2.3 Provides the ifpdf switch (HO)
Package ifpdf Info: pdfTeX in PDF mode is detected.
Package: etexcmds 2011/02/16 v1.5 Avoid name clashes with e-TeX commands (HO)
Package etexcmds Info: Could not find \expanded.
(etexcmds)             That can mean that you are not using pdfTeX 1.50 or
(etexcmds)             that some package has redefined \expanded.
(etexcmds)             In the latter case, load this package earlier.
Package: kvsetkeys 2012/04/25 v1.16 Key value parser (HO)
Package: kvdefinekeys 2011/04/07 v1.3 Define keys (HO)
Package: pdftexcmds 2011/11/29 v0.20 Utility functions of pdfTeX for LuaTeX (HO
)
Package pdftexcmds Info: LuaTeX not detected.
Package pdftexcmds Info: \pdf@primitive is available.
Package pdftexcmds Info: \pdf@ifprimitive is available.
Package pdftexcmds Info: \pdfdraftmode found.
Package: pdfescape 2011/11/25 v1.13 Implements pdfTeX's escape features (HO)
Package: bigintcalc 2012/04/08 v1.3 Expandable calculations on big integers (HO
)
Package: bitset 2011/01/30 v1.1 Handle bit-vector datatype (HO)
Package: uniquecounter 2011/01/30 v1.2 Provide unlimited unique counter (HO)
)
Package hobsub Info: Skipping package `hobsub' (already loaded).
Package: letltxmacro 2010/09/02 v1.4 Let assignment for LaTeX macros (HO)
Package: hopatch 2012/05/28 v1.2 Wrapper for package hooks (HO)
Package: xcolor-patch 2011/01/30 xcolor patch
Package: atveryend 2011/06/30 v1.8 Hooks at the very end of document (HO)
Package: atbegshi 2011/10/05 v1.16 At begin shipout hook (HO)
Package: refcount 2011/10/16 v3.4 Data extraction from label references (HO)
Package: hycolor 2011/01/30 v1.7 Color options for hyperref/bookmark (HO)
)
(/usr/local/texlive/2015/texmf-dist/tex/generic/ifxetex/ifxetex.sty
Package: ifxetex 2010/09/12 v0.6 Provides ifxetex conditional
)
(/usr/local/texlive/2015/texmf-dist/tex/latex/oberdiek/auxhook.sty
Package: auxhook 2011/03/04 v1.3 Hooks for auxiliary files (HO)
)
(/usr/local/texlive/2015/texmf-dist/tex/latex/oberdiek/kvoptions.sty
Package: kvoptions 2011/06/30 v3.11 Key value format for package options (HO)
)
\@linkdim=\dimen106
\Hy@linkcounter=\count99
\Hy@pagecounter=\count100

(/usr/local/texlive/2015/texmf-dist/tex/latex/hyperref/pd1enc.def
File: pd1enc.def 2012/11/06 v6.83m Hyperref: PDFDocEncoding definition (HO)
Now handling font encoding PD1 ...
... no UTF-8 mapping file for font encoding PD1
)
\Hy@SavedSpaceFactor=\count101

(/usr/local/texlive/2015/texmf-dist/tex/latex/latexconfig/hyperref.cfg
File: hyperref.cfg 2002/06/06 v1.2 hyperref configuration of TeXLive
)
Package hyperref Info: Option `colorlinks' set `true' on input line 4319.
Package hyperref Info: Hyper figures OFF on input line 4443.
Package hyperref Info: Link nesting OFF on input line 4448.
Package hyperref Info: Hyper index ON on input line 4451.
Package hyperref Info: Plain pages OFF on input line 4458.
Package hyperref Info: Backreferencing OFF on input line 4463.
Package hyperref Info: Implicit mode ON; LaTeX internals redefined.
Package hyperref Info: Bookmarks ON on input line 4688.
\c@Hy@tempcnt=\count102
LaTeX Info: Redefining \url on input line 5041.
\XeTeXLinkMargin=\dimen107
\Fld@menulength=\count103
\Field@Width=\dimen108
\Fld@charsize=\dimen109
Package hyperref Info: Hyper figures OFF on input line 6295.
Package hyperref Info: Link nesting OFF on input line 6300.
Package hyperref Info: Hyper index ON on input line 6303.
Package hyperref Info: backreferencing OFF on input line 6310.
Package hyperref Info: Link coloring ON on input line 6313.
Package hyperref Info: Link coloring with OCG OFF on input line 6320.
Package hyperref Info: PDF/A mode OFF on input line 6325.
LaTeX Info: Redefining \ref on input line 6365.
LaTeX Info: Redefining \pageref on input line 6369.
\Hy@abspage=\count104
\c@Item=\count105
\c@Hfootnote=\count106
)

Package hyperref Message: Driver (autodetected): hpdftex.

(/usr/local/texlive/2015/texmf-dist/tex/latex/hyperref/hpdftex.def
File: hpdftex.def 2012/11/06 v6.83m Hyperref driver for pdfTeX
\Fld@listcount=\count107
\c@bookmark@seq@number=\count108

(/usr/local/texlive/2015/texmf-dist/tex/latex/oberdiek/rerunfilecheck.sty
Package: rerunfilecheck 2011/04/15 v1.7 Rerun checks for auxiliary files (HO)
Package uniquecounter Info: New unique counter `rerunfilecheck' on input line 2
82.
)
\Hy@SectionHShift=\skip43
)
(/usr/local/texlive/2015/texmf-dist/tex/latex/lastpage/lastpage.sty
Package: lastpage 2015/03/29 v1.2m Refers to last page's name (HMM; JPG)
)
(/usr/local/texlive/2015/texmf-dist/tex/latex/fancyhdr/fancyhdr.sty
\fancy@headwidth=\skip44
\f@ncyO@elh=\skip45
\f@ncyO@erh=\skip46
\f@ncyO@olh=\skip47
\f@ncyO@orh=\skip48
\f@ncyO@elf=\skip49
\f@ncyO@erf=\skip50
\f@ncyO@olf=\skip51
\f@ncyO@orf=\skip52
)
(/usr/local/texlive/2015/texmf-dist/tex/latex/geometry/geometry.sty
Package: geometry 2010/09/12 v5.6 Page Geometry
\Gm@cnth=\count109
\Gm@cntv=\count110
\c@Gm@tempcnt=\count111
\Gm@bindingoffset=\dimen110
\Gm@wd@mp=\dimen111
\Gm@odd@mp=\dimen112
\Gm@even@mp=\dimen113
\Gm@layoutwidth=\dimen114
\Gm@layoutheight=\dimen115
\Gm@layouthoffset=\dimen116
\Gm@layoutvoffset=\dimen117
\Gm@dimlist=\toks18
)
(/usr/local/texlive/2015/texmf-dist/tex/latex/listings/listings.sty
\lst@mode=\count112
\lst@gtempboxa=\box26
\lst@token=\toks19
\lst@length=\count113
\lst@currlwidth=\dimen118
\lst@column=\count114
\lst@pos=\count115
\lst@lostspace=\dimen119
\lst@width=\dimen120
\lst@newlines=\count116
\lst@lineno=\count117
\lst@maxwidth=\dimen121

(/usr/local/texlive/2015/texmf-dist/tex/latex/listings/lstmisc.sty
File: lstmisc.sty 2014/09/06 1.5e (Carsten Heinz)
\c@lstnumber=\count118
\lst@skipnumbers=\count119
\lst@framebox=\box27
)
(/usr/local/texlive/2015/texmf-dist/tex/latex/listings/listings.cfg
File: listings.cfg 2014/09/06 1.5e listings configuration
))
Package: listings 2014/09/06 1.5e (Carsten Heinz)

(/usr/local/texlive/2015/texmf-dist/tex/latex/graphics/color.sty
Package: color 2014/10/28 v1.1a Standard LaTeX Color (DPC)

(/usr/local/texlive/2015/texmf-dist/tex/latex/latexconfig/color.cfg
File: color.cfg 2007/01/18 v1.5 color configuration of teTeX/TeXLive
)
Package color Info: Driver file: pdftex.def on input line 142.
)
(/usr/local/texlive/2015/texmf-dist/tex/latex/xcolor/xcolor.sty
Package: xcolor 2007/01/21 v2.11 LaTeX color extensions (UK)

(/usr/local/texlive/2015/texmf-dist/tex/latex/latexconfig/color.cfg
File: color.cfg 2007/01/18 v1.5 color configuration of teTeX/TeXLive
)
Package xcolor Info: Driver file: pdftex.def on input line 225.

(/usr/local/texlive/2015/texmf-dist/tex/latex/colortbl/colortbl.sty
Package: colortbl 2012/02/13 v1.0a Color table columns (DPC)

(/usr/local/texlive/2015/texmf-dist/tex/latex/tools/array.sty
Package: array 2014/10/28 v2.4c Tabular extension package (FMi)
\col@sep=\dimen122
\extrarowheight=\dimen123
\NC@list=\toks20
\extratabsurround=\skip53
\backup@length=\skip54
)
\everycr=\toks21
\minrowclearance=\skip55
)
LaTeX Info: Redefining \color on input line 702.
\rownum=\count120
Package xcolor Info: Model `cmy' substituted by `cmy0' on input line 1337.
Package xcolor Info: Model `hsb' substituted by `rgb' on input line 1341.
Package xcolor Info: Model `RGB' extended on input line 1353.
Package xcolor Info: Model `HTML' substituted by `rgb' on input line 1355.
Package xcolor Info: Model `Hsb' substituted by `hsb' on input line 1356.
Package xcolor Info: Model `tHsb' substituted by `hsb' on input line 1357.
Package xcolor Info: Model `HSB' substituted by `hsb' on input line 1358.
Package xcolor Info: Model `Gray' substituted by `gray' on input line 1359.
Package xcolor Info: Model `wave' substituted by `hsb' on input line 1360.
)
(/usr/local/texlive/2015/texmf-dist/tex/latex/booktabs/booktabs.sty
Package: booktabs 2005/04/14 v1.61803 publication quality tables
\heavyrulewidth=\dimen124
\lightrulewidth=\dimen125
\cmidrulewidth=\dimen126
\belowrulesep=\dimen127
\belowbottomsep=\dimen128
\aboverulesep=\dimen129
\abovetopsep=\dimen130
\cmidrulesep=\dimen131
\cmidrulekern=\dimen132
\defaultaddspace=\dimen133
\@cmidla=\count121
\@cmidlb=\count122
\@aboverulesep=\dimen134
\@belowrulesep=\dimen135
\@thisruleclass=\count123
\@lastruleclass=\count124
\@thisrulewidth=\dimen136
)
(/usr/local/texlive/2015/texmf-dist/tex/latex/tools/tabularx.sty
Package: tabularx 2014/10/28 v2.10 `tabularx' package (DPC)
\TX@col@width=\dimen137
\TX@old@table=\dimen138
\TX@old@col=\dimen139
\TX@target=\dimen140
\TX@delta=\dimen141
\TX@cols=\count125
\TX@ftn=\toks22
)
(/usr/local/texlive/2015/texmf-dist/tex/latex/base/makeidx.sty
Package: makeidx 2014/09/29 v1.0m Standard LaTeX package
)
(/usr/local/texlive/2015/texmf-dist/tex/latex/base/fixltx2e.sty
Package: fixltx2e 2015/02/21 v2.0a fixes to LaTeX (obsolete)


Package fixltx2e Warning: fixltx2e is not required with releases after 2015
(fixltx2e)                All fixes are now in the LaTeX kernel.
(fixltx2e)                See the latexrelease package for details.

) (/usr/local/texlive/2015/texmf-dist/tex/latex/enumitem/enumitem.sty
Package: enumitem 2011/09/28 v3.5.2 Customized lists
\labelindent=\skip56
\enit@outerparindent=\dimen142
\enit@toks=\toks23
\enit@inbox=\box28
\enitdp@description=\count126
)
(/usr/local/texlive/2015/texmf-dist/tex/latex/base/fontenc.sty
Package: fontenc 2005/09/27 v1.99g Standard LaTeX package

(/usr/local/texlive/2015/texmf-dist/tex/latex/base/t1enc.def
File: t1enc.def 2005/09/27 v1.99g Standard LaTeX file
LaTeX Font Info:    Redeclaring font encoding T1 on input line 48.
))
Package hyperref Info: Option `colorlinks' set `true' on input line 108.

(/usr/local/texlive/2015/texmf-dist/tex/latex/titlesec/titlesec.sty
Package: titlesec 2011/12/15 v2.10.0 Sectioning titles
\ttl@box=\box29
\beforetitleunit=\skip57
\aftertitleunit=\skip58
\ttl@plus=\dimen143
\ttl@minus=\dimen144
\ttl@toksa=\toks24
\titlewidth=\dimen145
\titlewidthlast=\dimen146
\titlewidthfirst=\dimen147
)
\c@subsubsubsection=\count127
)
Package csquotes Info: Checking for multilingual support...
Package csquotes Info: ... found 'babel' package.

(./NormeDiProgetto_v1.0.3.aux)
\openout1 = `NormeDiProgetto_v1.0.3.aux'.

LaTeX Font Info:    Checking defaults for OML/cmm/m/it on input line 23.
LaTeX Font Info:    ... okay on input line 23.
LaTeX Font Info:    Checking defaults for T1/cmr/m/n on input line 23.
LaTeX Font Info:    ... okay on input line 23.
LaTeX Font Info:    Checking defaults for OT1/cmr/m/n on input line 23.
LaTeX Font Info:    ... okay on input line 23.
LaTeX Font Info:    Checking defaults for OMS/cmsy/m/n on input line 23.
LaTeX Font Info:    ... okay on input line 23.
LaTeX Font Info:    Checking defaults for OMX/cmex/m/n on input line 23.
LaTeX Font Info:    ... okay on input line 23.
LaTeX Font Info:    Checking defaults for U/cmr/m/n on input line 23.
LaTeX Font Info:    ... okay on input line 23.
LaTeX Font Info:    Checking defaults for PD1/pdf/m/n on input line 23.
LaTeX Font Info:    ... okay on input line 23.
LaTeX Info: Redefining \it@ocap on input line 23.
LaTeX Info: Redefining \it@ccap on input line 23.

(/usr/local/texlive/2015/texmf-dist/tex/context/base/supp-pdf.mkii
[Loading MPS to PDF converter (version 2006.09.02).]
\scratchcounter=\count128
\scratchdimen=\dimen148
\scratchbox=\box30
\nofMPsegments=\count129
\nofMParguments=\count130
\everyMPshowfont=\toks25
\MPscratchCnt=\count131
\MPscratchDim=\dimen149
\MPnumerator=\count132
\makeMPintoPDFobject=\count133
\everyMPtoPDFconversion=\toks26
) (/usr/local/texlive/2015/texmf-dist/tex/latex/oberdiek/epstopdf-base.sty
Package: epstopdf-base 2010/02/09 v2.5 Base part for package epstopdf

(/usr/local/texlive/2015/texmf-dist/tex/latex/oberdiek/grfext.sty
Package: grfext 2010/08/19 v1.1 Manage graphics extensions (HO)
)
Package grfext Info: Graphics extension search list:
(grfext)             [.png,.pdf,.jpg,.mps,.jpeg,.jbig2,.jb2,.PNG,.PDF,.JPG,.JPE
G,.JBIG2,.JB2,.eps]
(grfext)             \AppendGraphicsExtensions on input line 452.

(/usr/local/texlive/2015/texmf-dist/tex/latex/latexconfig/epstopdf-sys.cfg
File: epstopdf-sys.cfg 2010/07/13 v1.3 Configuration of (r)epstopdf for TeX Liv
e
))
\AtBeginShipoutBox=\box31
Package hyperref Info: Link coloring ON on input line 23.

(/usr/local/texlive/2015/texmf-dist/tex/latex/hyperref/nameref.sty
Package: nameref 2012/10/27 v2.43 Cross-referencing by name of section

(/usr/local/texlive/2015/texmf-dist/tex/generic/oberdiek/gettitlestring.sty
Package: gettitlestring 2010/12/03 v1.4 Cleanup title references (HO)
)
\c@section@level=\count134
)
LaTeX Info: Redefining \ref on input line 23.
LaTeX Info: Redefining \pageref on input line 23.
LaTeX Info: Redefining \nameref on input line 23.

(./NormeDiProgetto_v1.0.3.out) (./NormeDiProgetto_v1.0.3.out)
\@outlinefile=\write3
\openout3 = `NormeDiProgetto_v1.0.3.out'.

Package lastpage Info: Please have a look at the pageslts package at
(lastpage)             https://www.ctan.org/pkg/pageslts
(lastpage)             ! on input line 23.

*geometry* driver: auto-detecting
*geometry* detected driver: pdftex
*geometry* verbose mode - [ preamble ] result:
* driver: pdftex
* paper: a4paper
* layout: <same size as paper>
* layoutoffset:(h,v)=(0.0pt,0.0pt)
* modes: 
* h-part:(L,W,R)=(80.0pt, 437.50787pt, 80.0pt)
* v-part:(T,H,B)=(28.45274pt, 702.78308pt, 113.81102pt)
* \paperwidth=597.50787pt
* \paperheight=845.04684pt
* \textwidth=437.50787pt
* \textheight=702.78308pt
* \oddsidemargin=7.73001pt
* \evensidemargin=7.73001pt
* \topmargin=-80.81725pt
* \headheight=56.9055pt
* \headsep=25.0pt
* \topskip=12.0pt
* \footskip=30.0pt
* \marginparwidth=35.0pt
* \marginparsep=10.0pt
* \columnsep=10.0pt
* \skip\footins=10.8pt plus 4.0pt minus 2.0pt
* \hoffset=0.0pt
* \voffset=0.0pt
* \mag=1000
* \@twocolumnfalse
* \@twosidefalse
* \@mparswitchfalse
* \@reversemarginfalse
* (1in=72.27pt=25.4mm, 1cm=28.453pt)

\c@lstlisting=\count135
<../../../template/imgs/logoGrande.png, id=373, 703.62875pt x 286.06876pt>
File: ../../../template/imgs/logoGrande.png Graphic file (type png)

<use ../../../template/imgs/logoGrande.png>
Package pdftex.def Info: ../../../template/imgs/logoGrande.png used on input li
ne 33.
(pdftex.def)             Requested size: 351.8135pt x 143.03403pt.
LaTeX Font Info:    External font `cmex10' loaded for size
(Font)              <12> on input line 45.
LaTeX Font Info:    External font `cmex10' loaded for size
(Font)              <8> on input line 45.
LaTeX Font Info:    External font `cmex10' loaded for size
(Font)              <6> on input line 45.
 [1

{/usr/local/texlive/2015/texmf-var/fonts/map/pdftex/updmap/pdftex.map} <../../.
./template/imgs/logoGrande.png>]
<../../../template/imgs/logoLungo.png, id=385, 905.3825pt x 102.3825pt>
File: ../../../template/imgs/logoLungo.png Graphic file (type png)

<use ../../../template/imgs/logoLungo.png>
Package pdftex.def Info: ../../../template/imgs/logoLungo.png used on input lin
e 100.
(pdftex.def)             Requested size: 108.6412pt x 12.28535pt.
pdfTeX warning (ext4): destination with the same identifier (name{page.1}) has 
been already used, duplicate ignored
<to be read again> 
                   \relax 
l.100 \newpage
               [1 <../../../template/imgs/logoLungo.png>]
(./NormeDiProgetto_v1.0.3.toc
File: ../../../template/imgs/logoLungo.png Graphic file (type png)
 <use ../../../template/imgs/logoLungo.png>
Package pdftex.def Info: ../../../template/imgs/logoLungo.png used on input lin
e 48.
(pdftex.def)             Requested size: 108.6412pt x 12.28535pt.

[2])
\tf@toc=\write4
\openout4 = `NormeDiProgetto_v1.0.3.toc'.

File: ../../../template/imgs/logoLungo.png Graphic file (type png)
 <use ../../../template/imgs/logoLungo.png>
Package pdftex.def Info: ../../../template/imgs/logoLungo.png used on input lin
e 103.
(pdftex.def)             Requested size: 108.6412pt x 12.28535pt.
 [3]
File: ../../../template/imgs/logoLungo.png Graphic file (type png)

<use ../../../template/imgs/logoLungo.png>
Package pdftex.def Info: ../../../template/imgs/logoLungo.png used on input lin
e 103.
(pdftex.def)             Requested size: 108.6412pt x 12.28535pt.
 [4] (./NormeDiProgetto_v1.0.3.lot)
\tf@lot=\write5
\openout5 = `NormeDiProgetto_v1.0.3.lot'.


(./NormeDiProgetto_v1.0.3.lof)
\tf@lof=\write6
\openout6 = `NormeDiProgetto_v1.0.3.lof'.

File: ../../../template/imgs/logoLungo.png Graphic file (type png)
 <use ../../../template/imgs/logoLungo.png>
Package pdftex.def Info: ../../../template/imgs/logoLungo.png used on input lin
e 107.
(pdftex.def)             Requested size: 108.6412pt x 12.28535pt.

[5]
LaTeX Font Info:    Try loading font information for OMS+cmr on input line 120.

 (/usr/local/texlive/2015/texmf-dist/tex/latex/base/omscmr.fd
File: omscmr.fd 2014/09/29 v2.5h Standard LaTeX font definitions
)
LaTeX Font Info:    Font shape `OMS/cmr/m/n' in size <12> not available
(Font)              Font shape `OMS/cmsy/m/n' tried instead on input line 120.
File: ../../../template/imgs/logoLungo.png Graphic file (type png)

<use ../../../template/imgs/logoLungo.png>
Package pdftex.def Info: ../../../template/imgs/logoLungo.png used on input lin
e 130.
(pdftex.def)             Requested size: 108.6412pt x 12.28535pt.
 [6]
File: ../../../template/imgs/logoLungo.png Graphic file (type png)

<use ../../../template/imgs/logoLungo.png>
Package pdftex.def Info: ../../../template/imgs/logoLungo.png used on input lin
e 162.
(pdftex.def)             Requested size: 108.6412pt x 12.28535pt.
 [7]
File: ../../../template/imgs/logoLungo.png Graphic file (type png)

<use ../../../template/imgs/logoLungo.png>
Package pdftex.def Info: ../../../template/imgs/logoLungo.png used on input lin
e 198.
(pdftex.def)             Requested size: 108.6412pt x 12.28535pt.
 [8]
Overfull \hbox (50.55202pt too wide) in paragraph at lines 217--218
\T1/cmr/m/n/12 espres-so in mo-do ge-rar-chi-co tra-mi-te la no-ta-zio-ne \T1/c
mr/m/it/12 Co-di-ce-Re-qui-sto-Pa-dre.CodiceSottorequisito 
 []

File: ../../../template/imgs/logoLungo.png Graphic file (type png)
<use ../../../template/imgs/logoLungo.png>
Package pdftex.def Info: ../../../template/imgs/logoLungo.png used on input lin
e 241.
(pdftex.def)             Requested size: 108.6412pt x 12.28535pt.
 [9]
File: ../../../template/imgs/logoLungo.png Graphic file (type png)

<use ../../../template/imgs/logoLungo.png>
Package pdftex.def Info: ../../../template/imgs/logoLungo.png used on input lin
e 241.
(pdftex.def)             Requested size: 108.6412pt x 12.28535pt.
 [10]
File: ../../../template/imgs/logoLungo.png Graphic file (type png)

<use ../../../template/imgs/logoLungo.png>
Package pdftex.def Info: ../../../template/imgs/logoLungo.png used on input lin
e 277.
(pdftex.def)             Requested size: 108.6412pt x 12.28535pt.
 [11]
File: ../../../template/imgs/logoLungo.png Graphic file (type png)

<use ../../../template/imgs/logoLungo.png>
Package pdftex.def Info: ../../../template/imgs/logoLungo.png used on input lin
e 306.
(pdftex.def)             Requested size: 108.6412pt x 12.28535pt.
 [12]
LaTeX Font Info:    Try loading font information for T1+cmtt on input line 308.


(/usr/local/texlive/2015/texmf-dist/tex/latex/base/t1cmtt.fd
File: t1cmtt.fd 2014/09/29 v2.5h Standard LaTeX font definitions
)
File: ../../../template/imgs/logoLungo.png Graphic file (type png)

<use ../../../template/imgs/logoLungo.png>
Package pdftex.def Info: ../../../template/imgs/logoLungo.png used on input lin
e 336.
(pdftex.def)             Requested size: 108.6412pt x 12.28535pt.
 [13]
File: ../../../template/imgs/logoLungo.png Graphic file (type png)

<use ../../../template/imgs/logoLungo.png>
Package pdftex.def Info: ../../../template/imgs/logoLungo.png used on input lin
e 370.
(pdftex.def)             Requested size: 108.6412pt x 12.28535pt.
 [14]
File: ../../../template/imgs/logoLungo.png Graphic file (type png)

<use ../../../template/imgs/logoLungo.png>
Package pdftex.def Info: ../../../template/imgs/logoLungo.png used on input lin
e 399.
(pdftex.def)             Requested size: 108.6412pt x 12.28535pt.
 [15]
Overfull \hbox (6.76915pt too wide) in paragraph at lines 420--421
[]\T1/cmr/bx/n/12 Nome fi-les\T1/cmr/m/n/12 : per i no-mi dei fi-le de-ve es-se
-re uti-liz-za-to il co-man-do L[]T[]X: \T1/cmtt/m/n/12 \fileName 
 []


Overfull \hbox (8.93108pt too wide) in paragraph at lines 421--422
[]\T1/cmr/bx/n/12 Percorsi\T1/cmr/m/n/12 : per i per-cor-si dei fi-le de-ve es-
se-re uti-liz-za-to il co-man-do L[]T[]X: \T1/cmtt/m/n/12 \filePath 
 []

LaTeX Font Info:    External font `cmex10' loaded for size
(Font)              <7> on input line 423.
LaTeX Font Info:    External font `cmex10' loaded for size
(Font)              <5> on input line 423.
LaTeX Font Info:    External font `cmex10' loaded for size
(Font)              <14.4> on input line 424.
File: ../../../template/imgs/logoLungo.png Graphic file (type png)
<use ../../../template/imgs/logoLungo.png>
Package pdftex.def Info: ../../../template/imgs/logoLungo.png used on input lin
e 430.
(pdftex.def)             Requested size: 108.6412pt x 12.28535pt.
 [16]
File: ../../../template/imgs/logoLungo.png Graphic file (type png)

<use ../../../template/imgs/logoLungo.png>
Package pdftex.def Info: ../../../template/imgs/logoLungo.png used on input lin
e 451.
(pdftex.def)             Requested size: 108.6412pt x 12.28535pt.
 [17]
File: ../../../template/imgs/logoLungo.png Graphic file (type png)

<use ../../../template/imgs/logoLungo.png>
Package pdftex.def Info: ../../../template/imgs/logoLungo.png used on input lin
e 471.
(pdftex.def)             Requested size: 108.6412pt x 12.28535pt.
 [18]
Overfull \hbox (24.0836pt too wide) in paragraph at lines 491--492
\T1/cmr/m/n/12 zio-ne del-l'er-ro-re, se-gna-lan-do la mo-di-fi-ca ef-fet-tua-t
a tra-mi-te si-ste-ma di versionamento$[]$,
 []


Underfull \hbox (badness 10000) in paragraph at lines 513--514
[]|\T1/cmr/m/n/12 Correzione
 []


Underfull \hbox (badness 10000) in paragraph at lines 517--518
[]|\T1/cmr/m/n/12 Correzione
 []


Overfull \hbox (4.2465pt too wide) in paragraph at lines 495--522
[][] 
 []

File: ../../../template/imgs/logoLungo.png Graphic file (type png)
<use ../../../template/imgs/logoLungo.png>
Package pdftex.def Info: ../../../template/imgs/logoLungo.png used on input lin
e 530.
(pdftex.def)             Requested size: 108.6412pt x 12.28535pt.
 [19]
File: ../../../template/imgs/logoLungo.png Graphic file (type png)

<use ../../../template/imgs/logoLungo.png>
Package pdftex.def Info: ../../../template/imgs/logoLungo.png used on input lin
e 538.
(pdftex.def)             Requested size: 108.6412pt x 12.28535pt.
 [20]
File: ../../../template/imgs/logoLungo.png Graphic file (type png)

<use ../../../template/imgs/logoLungo.png>
Package pdftex.def Info: ../../../template/imgs/logoLungo.png used on input lin
e 553.
(pdftex.def)             Requested size: 108.6412pt x 12.28535pt.
 [21]
File: ../../../template/imgs/logoLungo.png Graphic file (type png)

<use ../../../template/imgs/logoLungo.png>
Package pdftex.def Info: ../../../template/imgs/logoLungo.png used on input lin
e 590.
(pdftex.def)             Requested size: 108.6412pt x 12.28535pt.
 [22]
File: ../../../template/imgs/logoLungo.png Graphic file (type png)

<use ../../../template/imgs/logoLungo.png>
Package pdftex.def Info: ../../../template/imgs/logoLungo.png used on input lin
e 623.
(pdftex.def)             Requested size: 108.6412pt x 12.28535pt.
 [23]
File: ../../../template/imgs/logoLungo.png Graphic file (type png)

<use ../../../template/imgs/logoLungo.png>
Package pdftex.def Info: ../../../template/imgs/logoLungo.png used on input lin
e 648.
(pdftex.def)             Requested size: 108.6412pt x 12.28535pt.
 [24]
File: ../../../template/imgs/logoLungo.png Graphic file (type png)

<use ../../../template/imgs/logoLungo.png>
Package pdftex.def Info: ../../../template/imgs/logoLungo.png used on input lin
e 678.
(pdftex.def)             Requested size: 108.6412pt x 12.28535pt.
 [25]
File: ../../../template/imgs/logoLungo.png Graphic file (type png)

<use ../../../template/imgs/logoLungo.png>
Package pdftex.def Info: ../../../template/imgs/logoLungo.png used on input lin
e 707.
(pdftex.def)             Requested size: 108.6412pt x 12.28535pt.
 [26]
File: ../../../template/imgs/logoLungo.png Graphic file (type png)

<use ../../../template/imgs/logoLungo.png>
Package pdftex.def Info: ../../../template/imgs/logoLungo.png used on input lin
e 725.
(pdftex.def)             Requested size: 108.6412pt x 12.28535pt.
 [27]
File: ../../../template/imgs/logoLungo.png Graphic file (type png)

<use ../../../template/imgs/logoLungo.png>
Package pdftex.def Info: ../../../template/imgs/logoLungo.png used on input lin
e 762.
(pdftex.def)             Requested size: 108.6412pt x 12.28535pt.
 [28]
<ticketing.png, id=714, 965.6075pt x 1108.14pt>
File: ticketing.png Graphic file (type png)
 <use ticketing.png>
Package pdftex.def Info: ticketing.png used on input line 786.
(pdftex.def)             Requested size: 386.23616pt x 443.24815pt.


LaTeX Warning: `h' float specifier changed to `ht'.

<ticketVerifica.png, id=715, 1035.87pt x 714.67pt>
File: ticketVerifica.png Graphic file (type png)
 <use ticketVerifica.png>
Package pdftex.def Info: ticketVerifica.png used on input line 805.
(pdftex.def)             Requested size: 517.93373pt x 357.33412pt.

Overfull \hbox (80.42586pt too wide) in paragraph at lines 805--806
 [][] 
 []


LaTeX Warning: `h' float specifier changed to `ht'.

File: ../../../template/imgs/logoLungo.png Graphic file (type png)
<use ../../../template/imgs/logoLungo.png>
Package pdftex.def Info: ../../../template/imgs/logoLungo.png used on input lin
e 813.
(pdftex.def)             Requested size: 108.6412pt x 12.28535pt.
 [29]
Overfull \hbox (13.72643pt too wide) in paragraph at lines 821--822
\T1/cmr/m/n/12 Viene crea-ta una repository$[]$ su gi-thub al-l'in-di-riz-zo []
[]$\T1/cmtt/m/n/12 https : / / github . com / lordnikolai /
 []

File: ../../../template/imgs/logoLungo.png Graphic file (type png)
<use ../../../template/imgs/logoLungo.png>
Package pdftex.def Info: ../../../template/imgs/logoLungo.png used on input lin
e 822.
(pdftex.def)             Requested size: 108.6412pt x 12.28535pt.
 [30 <./ticketing.png>]
File: ../../../template/imgs/logoLungo.png Graphic file (type png)

<use ../../../template/imgs/logoLungo.png>
Package pdftex.def Info: ../../../template/imgs/logoLungo.png used on input lin
e 834.
(pdftex.def)             Requested size: 108.6412pt x 12.28535pt.
 [31 <./ticketVerifica.png>]
File: ../../../template/imgs/logoLungo.png Graphic file (type png)

<use ../../../template/imgs/logoLungo.png>
Package pdftex.def Info: ../../../template/imgs/logoLungo.png used on input lin
e 866.
(pdftex.def)             Requested size: 108.6412pt x 12.28535pt.
 [32]

AED: lastpage setting LastPage
Package atveryend Info: Empty hook `BeforeClearDocument' on input line 868.
Package atveryend Info: Empty hook `AfterLastShipout' on input line 868.
(./NormeDiProgetto_v1.0.3.aux)
Package atveryend Info: Executing hook `AtVeryEndDocument' on input line 868.
Package atveryend Info: Executing hook `AtEndAfterFileList' on input line 868.
Package rerunfilecheck Info: File `NormeDiProgetto_v1.0.3.out' has not changed.

(rerunfilecheck)             Checksum: DC37E6FA9ADF0AA23FAFF2A56E22DFB4;6913.
 ) 
Here is how much of TeX's memory you used:
 10269 strings out of 493089
 147511 string characters out of 6134841
 271096 words of memory out of 5000000
 13431 multiletter control sequences out of 15000+600000
 19609 words of font info for 44 fonts, out of 8000000 for 9000
 1141 hyphenation exceptions out of 8191
 48i,17n,45p,1003b,598s stack positions out of 5000i,500n,10000p,200000b,80000s
{/usr/local/texlive/2015/texmf-dist/fonts/enc/dvips/cm-super/cm-super-t1.enc}
</usr/local/texlive/2015/texmf-dist/fonts/type1/public/amsfonts/cm/cmsy10.pfb><
/usr/local/texlive/2015/texmf-dist/fonts/type1/public/cm-super/sfbx0800.pfb></u
sr/local/texlive/2015/texmf-dist/fonts/type1/public/cm-super/sfbx1200.pfb></usr
/local/texlive/2015/texmf-dist/fonts/type1/public/cm-super/sfbx1440.pfb></usr/l
ocal/texlive/2015/texmf-dist/fonts/type1/public/cm-super/sfbx1728.pfb></usr/loc
al/texlive/2015/texmf-dist/fonts/type1/public/cm-super/sfbx2488.pfb></usr/local
/texlive/2015/texmf-dist/fonts/type1/public/cm-super/sfrm0600.pfb></usr/local/t
exlive/2015/texmf-dist/fonts/type1/public/cm-super/sfrm0700.pfb></usr/local/tex
live/2015/texmf-dist/fonts/type1/public/cm-super/sfrm0800.pfb></usr/local/texli
ve/2015/texmf-dist/fonts/type1/public/cm-super/sfrm1200.pfb></usr/local/texlive
/2015/texmf-dist/fonts/type1/public/cm-super/sfti0800.pfb></usr/local/texlive/2
015/texmf-dist/fonts/type1/public/cm-super/sfti1200.pfb></usr/local/texlive/201
5/texmf-dist/fonts/type1/public/cm-super/sftt1000.pfb></usr/local/texlive/2015/
texmf-dist/fonts/type1/public/cm-super/sftt1200.pfb></usr/local/texlive/2015/te
xmf-dist/fonts/type1/public/cm-super/sftt1440.pfb>
Output written on NormeDiProgetto_v1.0.3.pdf (33 pages, 423121 bytes).
PDF statistics:
 844 PDF objects out of 1000 (max. 8388607)
 778 compressed objects within 8 object streams
 165 named destinations out of 1000 (max. 500000)
 757 words of extra memory for PDF output out of 10000 (max. 10000000)

