\BOOKMARK [1][-]{section.1}{Introduzione}{}% 1
\BOOKMARK [2][-]{subsection.1.1}{Scopo}{section.1}% 2
\BOOKMARK [2][-]{subsection.1.2}{Descrizione}{section.1}% 3
\BOOKMARK [2][-]{subsection.1.3}{Glossario}{section.1}% 4
\BOOKMARK [1][-]{section.2}{Processi base}{}% 5
\BOOKMARK [2][-]{subsection.2.1}{Processi del fornitore}{section.2}% 6
\BOOKMARK [3][-]{subsubsection.2.1.1}{Scopo}{subsection.2.1}% 7
\BOOKMARK [3][-]{subsubsection.2.1.2}{Descrizione}{subsection.2.1}% 8
\BOOKMARK [3][-]{subsubsection.2.1.3}{Piano di Qualifica}{subsection.2.1}% 9
\BOOKMARK [3][-]{subsubsection.2.1.4}{Piano di Progetto}{subsection.2.1}% 10
\BOOKMARK [2][-]{subsection.2.2}{Processi di sviluppo}{section.2}% 11
\BOOKMARK [3][-]{subsubsection.2.2.1}{Scopo}{subsection.2.2}% 12
\BOOKMARK [3][-]{subsubsection.2.2.2}{Descrizione}{subsection.2.2}% 13
\BOOKMARK [3][-]{subsubsection.2.2.3}{Analisi dei requisiti}{subsection.2.2}% 14
\BOOKMARK [4][-]{subsubsubsection.2.2.3.1}{Scopo}{subsubsection.2.2.3}% 15
\BOOKMARK [4][-]{subsubsubsection.2.2.3.2}{Descrizione}{subsubsection.2.2.3}% 16
\BOOKMARK [4][-]{subsubsubsection.2.2.3.3}{Casi d'uso}{subsubsection.2.2.3}% 17
\BOOKMARK [4][-]{subsubsubsection.2.2.3.4}{Classificazione dei Requisiti}{subsubsection.2.2.3}% 18
\BOOKMARK [3][-]{subsubsection.2.2.4}{Progettazione}{subsection.2.2}% 19
\BOOKMARK [4][-]{subsubsubsection.2.2.4.1}{Scopo}{subsubsection.2.2.4}% 20
\BOOKMARK [4][-]{subsubsubsection.2.2.4.2}{Descrizione}{subsubsection.2.2.4}% 21
\BOOKMARK [4][-]{subsubsubsection.2.2.4.3}{UML}{subsubsection.2.2.4}% 22
\BOOKMARK [3][-]{subsubsection.2.2.5}{Codifica}{subsection.2.2}% 23
\BOOKMARK [1][-]{section.3}{Processi di Supporto}{}% 24
\BOOKMARK [2][-]{subsection.3.1}{Scopo}{section.3}% 25
\BOOKMARK [2][-]{subsection.3.2}{Descrizione}{section.3}% 26
\BOOKMARK [2][-]{subsection.3.3}{Documentazione}{section.3}% 27
\BOOKMARK [3][-]{subsubsection.3.3.1}{Versione}{subsection.3.3}% 28
\BOOKMARK [3][-]{subsubsection.3.3.2}{Stato}{subsection.3.3}% 29
\BOOKMARK [4][-]{subsubsubsection.3.3.2.1}{Informale}{subsubsection.3.3.2}% 30
\BOOKMARK [4][-]{subsubsubsection.3.3.2.2}{Formale}{subsubsection.3.3.2}% 31
\BOOKMARK [3][-]{subsubsection.3.3.3}{Uso}{subsection.3.3}% 32
\BOOKMARK [4][-]{subsubsubsection.3.3.3.1}{Interno}{subsubsection.3.3.3}% 33
\BOOKMARK [4][-]{subsubsubsection.3.3.3.2}{Esterno}{subsubsection.3.3.3}% 34
\BOOKMARK [3][-]{subsubsection.3.3.4}{Struttura dei documenti}{subsection.3.3}% 35
\BOOKMARK [4][-]{subsubsubsection.3.3.4.1}{Prima pagina}{subsubsection.3.3.4}% 36
\BOOKMARK [4][-]{subsubsubsection.3.3.4.2}{Diario delle modifiche}{subsubsection.3.3.4}% 37
\BOOKMARK [4][-]{subsubsubsection.3.3.4.3}{Indice}{subsubsection.3.3.4}% 38
\BOOKMARK [4][-]{subsubsubsection.3.3.4.4}{Elenco tabelle e figure}{subsubsection.3.3.4}% 39
\BOOKMARK [4][-]{subsubsubsection.3.3.4.5}{Introduzione}{subsubsection.3.3.4}% 40
\BOOKMARK [4][-]{subsubsubsection.3.3.4.6}{Sezioni}{subsubsection.3.3.4}% 41
\BOOKMARK [4][-]{subsubsubsection.3.3.4.7}{Formattazione delle pagine}{subsubsection.3.3.4}% 42
\BOOKMARK [3][-]{subsubsection.3.3.5}{Norme tipografiche}{subsection.3.3}% 43
\BOOKMARK [4][-]{subsubsubsection.3.3.5.1}{Stile del testo}{subsubsection.3.3.5}% 44
\BOOKMARK [4][-]{subsubsubsection.3.3.5.2}{Composizione}{subsubsection.3.3.5}% 45
\BOOKMARK [4][-]{subsubsubsection.3.3.5.3}{Formati}{subsubsection.3.3.5}% 46
\BOOKMARK [4][-]{subsubsubsection.3.3.5.4}{Tabelle}{subsubsection.3.3.5}% 47
\BOOKMARK [4][-]{subsubsubsection.3.3.5.5}{Immagini e grafici}{subsubsection.3.3.5}% 48
\BOOKMARK [2][-]{subsection.3.4}{Linguaggio}{section.3}% 49
\BOOKMARK [2][-]{subsection.3.5}{Configurazione}{section.3}% 50
\BOOKMARK [3][-]{subsubsection.3.5.1}{Documentazione}{subsection.3.5}% 51
\BOOKMARK [2][-]{subsection.3.6}{Verifica}{section.3}% 52
\BOOKMARK [3][-]{subsubsection.3.6.1}{Tecniche di analisi}{subsection.3.6}% 53
\BOOKMARK [3][-]{subsubsection.3.6.2}{Classificazione dei problemi}{subsection.3.6}% 54
\BOOKMARK [3][-]{subsubsection.3.6.3}{Diagrammi UML}{subsection.3.6}% 55
\BOOKMARK [3][-]{subsubsection.3.6.4}{Documentazione}{subsection.3.6}% 56
\BOOKMARK [2][-]{subsection.3.7}{Validazione}{section.3}% 57
\BOOKMARK [2][-]{subsection.3.8}{Risoluzione dei Problemi}{section.3}% 58
\BOOKMARK [1][-]{section.4}{Processi di Organizzazione}{}% 59
\BOOKMARK [2][-]{subsection.4.1}{Processi di Management}{section.4}% 60
\BOOKMARK [3][-]{subsubsection.4.1.1}{Scopo}{subsection.4.1}% 61
\BOOKMARK [3][-]{subsubsection.4.1.2}{Descrizione}{subsection.4.1}% 62
\BOOKMARK [3][-]{subsubsection.4.1.3}{Ruoli}{subsection.4.1}% 63
\BOOKMARK [4][-]{subsubsubsection.4.1.3.1}{Project Manager}{subsubsection.4.1.3}% 64
\BOOKMARK [4][-]{subsubsubsection.4.1.3.2}{Amministratore}{subsubsection.4.1.3}% 65
\BOOKMARK [4][-]{subsubsubsection.4.1.3.3}{Analista}{subsubsection.4.1.3}% 66
\BOOKMARK [4][-]{subsubsubsection.4.1.3.4}{Progettista}{subsubsection.4.1.3}% 67
\BOOKMARK [4][-]{subsubsubsection.4.1.3.5}{Programmatore}{subsubsection.4.1.3}% 68
\BOOKMARK [4][-]{subsubsubsection.4.1.3.6}{Verificatore}{subsubsection.4.1.3}% 69
\BOOKMARK [3][-]{subsubsection.4.1.4}{Comunicazione}{subsection.4.1}% 70
\BOOKMARK [4][-]{subsubsubsection.4.1.4.1}{Esterna}{subsubsection.4.1.4}% 71
\BOOKMARK [4][-]{subsubsubsection.4.1.4.2}{Interna}{subsubsection.4.1.4}% 72
\BOOKMARK [3][-]{subsubsection.4.1.5}{Riunioni}{subsection.4.1}% 73
\BOOKMARK [4][-]{subsubsubsection.4.1.5.1}{Frequenza}{subsubsection.4.1.5}% 74
\BOOKMARK [4][-]{subsubsubsection.4.1.5.2}{Convocazione riunione}{subsubsection.4.1.5}% 75
\BOOKMARK [4][-]{subsubsubsection.4.1.5.3}{Verbale}{subsubsection.4.1.5}% 76
\BOOKMARK [3][-]{subsubsection.4.1.6}{Pianificazione}{subsection.4.1}% 77
\BOOKMARK [4][-]{subsubsubsection.4.1.6.1}{Pianificazione delle attivit\340}{subsubsection.4.1.6}% 78
\BOOKMARK [4][-]{subsubsubsection.4.1.6.2}{Assegnazione dei task}{subsubsection.4.1.6}% 79
\BOOKMARK [3][-]{subsubsection.4.1.7}{Esecuzione e controllo}{subsection.4.1}% 80
\BOOKMARK [2][-]{subsection.4.2}{Processi di gestione dell'infrastruttura}{section.4}% 81
\BOOKMARK [3][-]{subsubsection.4.2.1}{Scopo}{subsection.4.2}% 82
\BOOKMARK [3][-]{subsubsection.4.2.2}{Descrizione}{subsection.4.2}% 83
\BOOKMARK [3][-]{subsubsection.4.2.3}{Ticketing}{subsection.4.2}% 84
\BOOKMARK [4][-]{subsubsubsection.4.2.3.1}{Struttura Ticket}{subsubsection.4.2.3}% 85
\BOOKMARK [4][-]{subsubsubsection.4.2.3.2}{Etichette}{subsubsection.4.2.3}% 86
\BOOKMARK [4][-]{subsubsubsection.4.2.3.3}{Ciclo di vita del Ticket}{subsubsection.4.2.3}% 87
\BOOKMARK [4][-]{subsubsubsection.4.2.3.4}{Ticket di Verifica}{subsubsection.4.2.3}% 88
\BOOKMARK [3][-]{subsubsection.4.2.4}{Versioning}{subsection.4.2}% 89
\BOOKMARK [3][-]{subsubsection.4.2.5}{Repository}{subsection.4.2}% 90
\BOOKMARK [4][-]{subsubsubsection.4.2.5.1}{Comandi}{subsubsection.4.2.5}% 91
\BOOKMARK [4][-]{subsubsubsection.4.2.5.2}{Struttura albero delle directory}{subsubsection.4.2.5}% 92
